17-Apr-2024 11:57:41.527 INFO [main] org.apache.catalina.startup.VersionLoggerListener.log 서버 버전 이름:    Apache Tomcat/10.1.20
17-Apr-2024 11:57:41.538 INFO [main] org.apache.catalina.startup.VersionLoggerListener.log Server 빌드 시각:  Mar 19 2024 12:49:58 UTC
17-Apr-2024 11:57:41.538 INFO [main] org.apache.catalina.startup.VersionLoggerListener.log Server 버전 번호:  10.1.20.0
17-Apr-2024 11:57:41.538 INFO [main] org.apache.catalina.startup.VersionLoggerListener.log 운영체제 이름:     Windows 11
17-Apr-2024 11:57:41.538 INFO [main] org.apache.catalina.startup.VersionLoggerListener.log 운영체제 버전:     10.0
17-Apr-2024 11:57:41.538 INFO [main] org.apache.catalina.startup.VersionLoggerListener.log 아키텍처:          amd64
17-Apr-2024 11:57:41.538 INFO [main] org.apache.catalina.startup.VersionLoggerListener.log 자바 홈:           C:\Program Files\Java\jdk-17.0.9
17-Apr-2024 11:57:41.538 INFO [main] org.apache.catalina.startup.VersionLoggerListener.log JVM 버전:          17.0.9+11-LTS-201
17-Apr-2024 11:57:41.538 INFO [main] org.apache.catalina.startup.VersionLoggerListener.log JVM 벤더:          Oracle Corporation
17-Apr-2024 11:57:41.542 INFO [main] org.apache.catalina.startup.VersionLoggerListener.log CATALINA_BASE:     C:\workspace\tomcat10\tomcat
17-Apr-2024 11:57:41.542 INFO [main] org.apache.catalina.startup.VersionLoggerListener.log CATALINA_HOME:     C:\workspace\tomcat10\tomcat
17-Apr-2024 11:57:41.557 INFO [main] org.apache.catalina.startup.VersionLoggerListener.log 명령 행 아규먼트:  -Djava.util.logging.config.file=C:\workspace\tomcat10\tomcat\conf\logging.properties
17-Apr-2024 11:57:41.557 INFO [main] org.apache.catalina.startup.VersionLoggerListener.log 명령 행 아규먼트:  -Djava.util.logging.manager=org.apache.juli.ClassLoaderLogManager
17-Apr-2024 11:57:41.557 INFO [main] org.apache.catalina.startup.VersionLoggerListener.log 명령 행 아규먼트:  -Djdk.tls.ephemeralDHKeySize=2048
17-Apr-2024 11:57:41.557 INFO [main] org.apache.catalina.startup.VersionLoggerListener.log 명령 행 아규먼트:  -Djava.protocol.handler.pkgs=org.apache.catalina.webresources
17-Apr-2024 11:57:41.557 INFO [main] org.apache.catalina.startup.VersionLoggerListener.log 명령 행 아규먼트:  --add-opens=java.base/java.lang=ALL-UNNAMED
17-Apr-2024 11:57:41.557 INFO [main] org.apache.catalina.startup.VersionLoggerListener.log 명령 행 아규먼트:  --add-opens=java.base/java.io=ALL-UNNAMED
17-Apr-2024 11:57:41.560 INFO [main] org.apache.catalina.startup.VersionLoggerListener.log 명령 행 아규먼트:  --add-opens=java.base/java.util=ALL-UNNAMED
17-Apr-2024 11:57:41.560 INFO [main] org.apache.catalina.startup.VersionLoggerListener.log 명령 행 아규먼트:  --add-opens=java.base/java.util.concurrent=ALL-UNNAMED
17-Apr-2024 11:57:41.561 INFO [main] org.apache.catalina.startup.VersionLoggerListener.log 명령 행 아규먼트:  --add-opens=java.rmi/sun.rmi.transport=ALL-UNNAMED
17-Apr-2024 11:57:41.561 INFO [main] org.apache.catalina.startup.VersionLoggerListener.log 명령 행 아규먼트:  -Dcatalina.base=C:\workspace\tomcat10\tomcat
17-Apr-2024 11:57:41.561 INFO [main] org.apache.catalina.startup.VersionLoggerListener.log 명령 행 아규먼트:  -Dcatalina.home=C:\workspace\tomcat10\tomcat
17-Apr-2024 11:57:41.561 INFO [main] org.apache.catalina.startup.VersionLoggerListener.log 명령 행 아규먼트:  -Djava.io.tmpdir=C:\workspace\tomcat10\tomcat\temp
17-Apr-2024 11:57:41.561 INFO [main] org.apache.catalina.core.AprLifecycleListener.lifecycleEvent 프로덕션 환경들에서 최적의 성능을 제공하는, APR 기반 Apache Tomcat Native 라이브러리가, 다음 java.library.path에서 발견되지 않습니다: [C:\Program Files\Java\jdk-17.0.9\bin;C:\WINDOWS\Sun\Java\bin;C:\WINDOWS\system32;C:\WINDOWS;C:\Program Files\Java\jdk-17.0.9\bin;C:\Program Files (x86)\Common Files\Oracle\Java\javapath;C:\Program Files\Common Files\Oracle\Java\javapath;C:\WINDOWS\system32;C:\WINDOWS;C:\WINDOWS\System32\Wbem;C:\WINDOWS\System32\WindowsPowerShell\v1.0\;C:\WINDOWS\System32\OpenSSH\;C:\Program Files\Git\cmd;C:\Users\user\AppData\Local\Microsoft\WindowsApps;;C:\Program Files\JetBrains\IntelliJ IDEA 2023.2.2\bin;;.]
17-Apr-2024 11:57:41.848 INFO [main] org.apache.coyote.AbstractProtocol.init 프로토콜 핸들러 ["http-nio-8080"]을(를) 초기화합니다.
17-Apr-2024 11:57:41.882 INFO [main] org.apache.catalina.startup.Catalina.load [666] 밀리초 내에 서버가 초기화되었습니다.
17-Apr-2024 11:57:41.973 INFO [main] org.apache.catalina.core.StandardService.startInternal 서비스 [Catalina]을(를) 시작합니다.
17-Apr-2024 11:57:41.973 INFO [main] org.apache.catalina.core.StandardEngine.startInternal 서버 엔진을 시작합니다: [Apache Tomcat/10.1.20]
17-Apr-2024 11:57:41.990 INFO [main] org.apache.catalina.startup.HostConfig.deployDirectory 웹 애플리케이션 디렉토리 [C:\workspace\tomcat10\tomcat\webapps\docs]을(를) 배치합니다.
17-Apr-2024 11:57:42.509 WARNING [main] org.apache.catalina.util.SessionIdGeneratorBase.createSecureRandom [SHA1PRNG] 알고리즘을 사용하여, 세션 ID를 생성하기 위한 SecureRandom 객체를 생성하는데, [111] 밀리초가 소요됐습니다.
17-Apr-2024 11:57:42.573 INFO [main] org.apache.catalina.startup.HostConfig.deployDirectory 웹 애플리케이션 디렉토리 [C:\workspace\tomcat10\tomcat\webapps\docs]에 대한 배치가 [583] 밀리초에 완료되었습니다.
17-Apr-2024 11:57:42.573 INFO [main] org.apache.catalina.startup.HostConfig.deployDirectory 웹 애플리케이션 디렉토리 [C:\workspace\tomcat10\tomcat\webapps\examples]을(를) 배치합니다.
17-Apr-2024 11:57:43.186 INFO [main] org.apache.catalina.startup.HostConfig.deployDirectory 웹 애플리케이션 디렉토리 [C:\workspace\tomcat10\tomcat\webapps\examples]에 대한 배치가 [613] 밀리초에 완료되었습니다.
17-Apr-2024 11:57:43.186 INFO [main] org.apache.catalina.startup.HostConfig.deployDirectory 웹 애플리케이션 디렉토리 [C:\workspace\tomcat10\tomcat\webapps\host-manager]을(를) 배치합니다.
17-Apr-2024 11:57:43.250 INFO [main] org.apache.catalina.startup.HostConfig.deployDirectory 웹 애플리케이션 디렉토리 [C:\workspace\tomcat10\tomcat\webapps\host-manager]에 대한 배치가 [64] 밀리초에 완료되었습니다.
17-Apr-2024 11:57:43.250 INFO [main] org.apache.catalina.startup.HostConfig.deployDirectory 웹 애플리케이션 디렉토리 [C:\workspace\tomcat10\tomcat\webapps\manager]을(를) 배치합니다.
17-Apr-2024 11:57:43.313 INFO [main] org.apache.catalina.startup.HostConfig.deployDirectory 웹 애플리케이션 디렉토리 [C:\workspace\tomcat10\tomcat\webapps\manager]에 대한 배치가 [63] 밀리초에 완료되었습니다.
17-Apr-2024 11:57:43.313 INFO [main] org.apache.catalina.startup.HostConfig.deployDirectory 웹 애플리케이션 디렉토리 [C:\workspace\tomcat10\tomcat\webapps\ROOT]을(를) 배치합니다.
17-Apr-2024 11:57:43.361 INFO [main] org.apache.catalina.startup.HostConfig.deployDirectory 웹 애플리케이션 디렉토리 [C:\workspace\tomcat10\tomcat\webapps\ROOT]에 대한 배치가 [48] 밀리초에 완료되었습니다.
17-Apr-2024 11:57:43.369 INFO [main] org.apache.coyote.AbstractProtocol.start 프로토콜 핸들러 ["http-nio-8080"]을(를) 시작합니다.
17-Apr-2024 11:57:43.496 INFO [main] org.apache.catalina.startup.Catalina.start 서버가 [1614] 밀리초 내에 시작되었습니다.
17-Apr-2024 15:16:28.179 INFO [main] org.apache.catalina.core.StandardServer.await 셧다운 포트를 통해 유효한 셧다운 명령을 받았습니다. 서버 인스턴스를 중지시킵니다.
17-Apr-2024 15:16:28.199 INFO [main] org.apache.coyote.AbstractProtocol.pause 프로토콜 핸들러 ["http-nio-8080"]을(를) 일시 정지 중
17-Apr-2024 15:16:28.257 INFO [main] org.apache.catalina.core.StandardService.stopInternal 서비스 [Catalina]을(를) 중지시킵니다.
17-Apr-2024 15:16:28.374 INFO [main] org.apache.coyote.AbstractProtocol.stop 프로토콜 핸들러 ["http-nio-8080"]을(를) 중지시킵니다.
17-Apr-2024 15:16:28.399 INFO [main] org.apache.coyote.AbstractProtocol.destroy 프로토콜 핸들러 ["http-nio-8080"]을(를) 소멸시킵니다.
17-Apr-2024 15:18:13.931 INFO [main] org.apache.catalina.startup.VersionLoggerListener.log 서버 버전 이름:    Apache Tomcat/10.1.20
17-Apr-2024 15:18:13.937 INFO [main] org.apache.catalina.startup.VersionLoggerListener.log Server 빌드 시각:  Mar 19 2024 12:49:58 UTC
17-Apr-2024 15:18:13.941 INFO [main] org.apache.catalina.startup.VersionLoggerListener.log Server 버전 번호:  10.1.20.0
17-Apr-2024 15:18:13.941 INFO [main] org.apache.catalina.startup.VersionLoggerListener.log 운영체제 이름:     Windows 11
17-Apr-2024 15:18:13.942 INFO [main] org.apache.catalina.startup.VersionLoggerListener.log 운영체제 버전:     10.0
17-Apr-2024 15:18:13.942 INFO [main] org.apache.catalina.startup.VersionLoggerListener.log 아키텍처:          amd64
17-Apr-2024 15:18:13.942 INFO [main] org.apache.catalina.startup.VersionLoggerListener.log 자바 홈:           C:\Program Files\Java\jdk-17.0.9
17-Apr-2024 15:18:13.942 INFO [main] org.apache.catalina.startup.VersionLoggerListener.log JVM 버전:          17.0.9+11-LTS-201
17-Apr-2024 15:18:13.944 INFO [main] org.apache.catalina.startup.VersionLoggerListener.log JVM 벤더:          Oracle Corporation
17-Apr-2024 15:18:13.944 INFO [main] org.apache.catalina.startup.VersionLoggerListener.log CATALINA_BASE:     C:\workspace\tomcat10\tomcat
17-Apr-2024 15:18:13.944 INFO [main] org.apache.catalina.startup.VersionLoggerListener.log CATALINA_HOME:     C:\workspace\tomcat10\tomcat
17-Apr-2024 15:18:13.958 INFO [main] org.apache.catalina.startup.VersionLoggerListener.log 명령 행 아규먼트:  -Djava.util.logging.config.file=C:\workspace\tomcat10\tomcat\conf\logging.properties
17-Apr-2024 15:18:13.961 INFO [main] org.apache.catalina.startup.VersionLoggerListener.log 명령 행 아규먼트:  -Djava.util.logging.manager=org.apache.juli.ClassLoaderLogManager
17-Apr-2024 15:18:13.962 INFO [main] org.apache.catalina.startup.VersionLoggerListener.log 명령 행 아규먼트:  -Djdk.tls.ephemeralDHKeySize=2048
17-Apr-2024 15:18:13.963 INFO [main] org.apache.catalina.startup.VersionLoggerListener.log 명령 행 아규먼트:  -Djava.protocol.handler.pkgs=org.apache.catalina.webresources
17-Apr-2024 15:18:13.964 INFO [main] org.apache.catalina.startup.VersionLoggerListener.log 명령 행 아규먼트:  --add-opens=java.base/java.lang=ALL-UNNAMED
17-Apr-2024 15:18:13.964 INFO [main] org.apache.catalina.startup.VersionLoggerListener.log 명령 행 아규먼트:  --add-opens=java.base/java.io=ALL-UNNAMED
17-Apr-2024 15:18:13.964 INFO [main] org.apache.catalina.startup.VersionLoggerListener.log 명령 행 아규먼트:  --add-opens=java.base/java.util=ALL-UNNAMED
17-Apr-2024 15:18:13.965 INFO [main] org.apache.catalina.startup.VersionLoggerListener.log 명령 행 아규먼트:  --add-opens=java.base/java.util.concurrent=ALL-UNNAMED
17-Apr-2024 15:18:13.965 INFO [main] org.apache.catalina.startup.VersionLoggerListener.log 명령 행 아규먼트:  --add-opens=java.rmi/sun.rmi.transport=ALL-UNNAMED
17-Apr-2024 15:18:13.965 INFO [main] org.apache.catalina.startup.VersionLoggerListener.log 명령 행 아규먼트:  -Dcatalina.base=C:\workspace\tomcat10\tomcat
17-Apr-2024 15:18:13.965 INFO [main] org.apache.catalina.startup.VersionLoggerListener.log 명령 행 아규먼트:  -Dcatalina.home=C:\workspace\tomcat10\tomcat
17-Apr-2024 15:18:13.966 INFO [main] org.apache.catalina.startup.VersionLoggerListener.log 명령 행 아규먼트:  -Djava.io.tmpdir=C:\workspace\tomcat10\tomcat\temp
17-Apr-2024 15:18:13.972 INFO [main] org.apache.catalina.core.AprLifecycleListener.lifecycleEvent 프로덕션 환경들에서 최적의 성능을 제공하는, APR 기반 Apache Tomcat Native 라이브러리가, 다음 java.library.path에서 발견되지 않습니다: [C:\Program Files\Java\jdk-17.0.9\bin;C:\WINDOWS\Sun\Java\bin;C:\WINDOWS\system32;C:\WINDOWS;C:\Program Files\Java\jdk-17.0.9\bin;C:\Program Files (x86)\Common Files\Oracle\Java\javapath;C:\Program Files\Common Files\Oracle\Java\javapath;C:\WINDOWS\system32;C:\WINDOWS;C:\WINDOWS\System32\Wbem;C:\WINDOWS\System32\WindowsPowerShell\v1.0\;C:\WINDOWS\System32\OpenSSH\;C:\Program Files\Git\cmd;C:\Users\user\AppData\Local\Microsoft\WindowsApps;;C:\Program Files\JetBrains\IntelliJ IDEA 2023.2.2\bin;;.]
17-Apr-2024 15:18:14.257 INFO [main] org.apache.coyote.AbstractProtocol.init 프로토콜 핸들러 ["http-nio-8080"]을(를) 초기화합니다.
17-Apr-2024 15:18:14.288 INFO [main] org.apache.catalina.startup.Catalina.load [584] 밀리초 내에 서버가 초기화되었습니다.
17-Apr-2024 15:18:14.372 INFO [main] org.apache.catalina.core.StandardService.startInternal 서비스 [Catalina]을(를) 시작합니다.
17-Apr-2024 15:18:14.374 INFO [main] org.apache.catalina.core.StandardEngine.startInternal 서버 엔진을 시작합니다: [Apache Tomcat/10.1.20]
17-Apr-2024 15:18:14.426 INFO [main] org.apache.catalina.startup.HostConfig.deployWAR 웹 애플리케이션 아카이브 [C:\workspace\tomcat10\tomcat\webapps\ROOT.war]을(를) 배치합니다.
17-Apr-2024 15:18:14.946 INFO [main] org.apache.jasper.servlet.TldScanner.scanJars 적어도 하나의 JAR가 TLD들을 찾기 위해 스캔되었으나 아무 것도 찾지 못했습니다. 스캔했으나 TLD가 없는 JAR들의 전체 목록을 보시려면, 로그 레벨을 디버그 레벨로 설정하십시오. 스캔 과정에서 불필요한 JAR들을 건너뛰면, 시스템 시작 시간과 JSP 컴파일 시간을 단축시킬 수 있습니다.
17-Apr-2024 15:18:15.106 WARNING [main] org.apache.catalina.util.SessionIdGeneratorBase.createSecureRandom [SHA1PRNG] 알고리즘을 사용하여, 세션 ID를 생성하기 위한 SecureRandom 객체를 생성하는데, [108] 밀리초가 소요됐습니다.
17-Apr-2024 15:18:15.151 INFO [main] org.apache.catalina.startup.HostConfig.deployWAR 웹 애플리케이션 아카이브 [C:\workspace\tomcat10\tomcat\webapps\ROOT.war]의 배치가 [725] 밀리초에 완료되었습니다.
17-Apr-2024 15:18:15.158 INFO [main] org.apache.coyote.AbstractProtocol.start 프로토콜 핸들러 ["http-nio-8080"]을(를) 시작합니다.
17-Apr-2024 15:18:15.303 INFO [main] org.apache.catalina.startup.Catalina.start 서버가 [1015] 밀리초 내에 시작되었습니다.
17-Apr-2024 15:23:09.840 WARNING [main] org.apache.catalina.core.StandardServer.await 유효하지 않은 셧다운 명령 []을(를) 받았습니다.
17-Apr-2024 15:23:21.528 INFO [main] org.apache.catalina.core.StandardServer.await 셧다운 포트를 통해 유효한 셧다운 명령을 받았습니다. 서버 인스턴스를 중지시킵니다.
17-Apr-2024 15:23:21.529 INFO [main] org.apache.coyote.AbstractProtocol.pause 프로토콜 핸들러 ["http-nio-8080"]을(를) 일시 정지 중
17-Apr-2024 15:23:21.566 INFO [main] org.apache.catalina.core.StandardService.stopInternal 서비스 [Catalina]을(를) 중지시킵니다.
17-Apr-2024 15:23:21.597 INFO [main] org.apache.coyote.AbstractProtocol.stop 프로토콜 핸들러 ["http-nio-8080"]을(를) 중지시킵니다.
17-Apr-2024 15:23:21.613 INFO [main] org.apache.coyote.AbstractProtocol.destroy 프로토콜 핸들러 ["http-nio-8080"]을(를) 소멸시킵니다.
